


ARM Macro Assembler    Page 1 


    1 00000000         
    2 00000000 00000080 
                       NoInt   EQU              0x80
    3 00000000         
    4 00000000 00000010 
                       USR32Mode
                               EQU              0x10
    5 00000000 00000013 
                       SVC32Mode
                               EQU              0x13
    6 00000000 0000001F 
                       SYS32Mode
                               EQU              0x1f
    7 00000000 00000012 
                       IRQ32Mode
                               EQU              0x12
    8 00000000 00000011 
                       FIQ32Mode
                               EQU              0x11
    9 00000000         
   10 00000000         
   11 00000000         
   12 00000000                 IMPORT           OSIntCtxSw
   13 00000000                 IMPORT           OSIntExit
   14 00000000                 IMPORT           OSTCBCur
   15 00000000                 IMPORT           OSTCBHighRdy
   16 00000000                 IMPORT           OSIntNesting
   17 00000000                 IMPORT           StackUsr
   18 00000000                 IMPORT           OsEnterSum
   19 00000000         
   20 00000000                 CODE32
   21 00000000         
   22 00000000                 PRESERVE8
   23 00000000                 AREA             IRQ,CODE,READONLY
   24 00000000         
   25 00000000                 MACRO
   26 00000000         $IRQ_Label
                               HANDLER          $IRQ_Exception_Function
   27 00000000         
   28 00000000                 EXPORT           $IRQ_Label
   29 00000000                 IMPORT           $IRQ_Exception_Function
   30 00000000         
   31 00000000         $IRQ_Label
   32 00000000                 SUB              LR, LR, #4
   33 00000000                 STMFD            SP!, {R0-R3, R12, LR}
   34 00000000                 MRS              R3, SPSR
   35 00000000                 STMFD            SP, {R3, SP, LR}^
   36 00000000         
   37 00000000                 LDR              R2,  =OSIntNesting 
                                                            ; OSIntNesting++
   38 00000000                 LDRB             R1, [R2]
   39 00000000                 ADD              R1, R1, #1
   40 00000000                 STRB             R1, [R2]
   41 00000000         
   42 00000000                 SUB              SP, SP, #4*3
   43 00000000         
   44 00000000                 MSR              CPSR_c, #(NoInt | SYS32Mode)
   45 00000000                 CMP              R1, #1
   46 00000000                 LDREQ            SP, =StackUsr



ARM Macro Assembler    Page 2 


   47 00000000         
   48 00000000                 BL               $IRQ_Exception_Function
   49 00000000         
   50 00000000         ;       MSR     CPSR_c, #(NoInt | SYS32Mode)    
   51 00000000                 LDR              R2, =OsEnterSum
   52 00000000                 MOV              R1, #1
   53 00000000                 STR              R1, [R2]
   54 00000000         
   55 00000000                 BL               OSIntExit
   56 00000000         
   57 00000000                 LDR              R2, =OsEnterSum
   58 00000000                 MOV              R1, #0
   59 00000000                 STR              R1, [R2]
   60 00000000         
   61 00000000                 MSR              CPSR_c, #(NoInt | IRQ32Mode)
   62 00000000                 LDMFD            SP, {R3, SP, LR}^
   63 00000000         
   64 00000000                 LDR              R0, =OSTCBHighRdy
   65 00000000                 LDR              R0, [R0]
   66 00000000                 LDR              R1, =OSTCBCur
   67 00000000                 LDR              R1, [R1]
   68 00000000                 CMP              R0, R1
   69 00000000         
   70 00000000                 ADD              SP, SP, #4*3 ; 
   71 00000000                 MSR              SPSR_cxsf, R3
   72 00000000                 LDMEQFD          SP!, {R0-R3, R12, PC}^
   73 00000000                 LDR              PC, =OSIntCtxSw
   74 00000000                 MEND
   75 00000000         
   76 00000000         
   77 00000000         
   78 00000000         
   79 00000000         IRQ_Handler
                               HANDLER          IRQ_Exception
   27 00000000         
   28 00000000                 EXPORT           IRQ_Handler
   29 00000000                 IMPORT           IRQ_Exception
   30 00000000         
   31 00000000         IRQ_Handler
   32 00000000 E24EE004        SUB              LR, LR, #4
   33 00000004 E92D500F        STMFD            SP!, {R0-R3, R12, LR}
   34 00000008 E14F3000        MRS              R3, SPSR
   35 0000000C E94D6008        STMFD            SP, {R3, SP, LR}^
   36 00000010         
   37 00000010 E59F20E0        LDR              R2,  =OSIntNesting 
                                                            ; OSIntNesting++
   38 00000014 E5D21000        LDRB             R1, [R2]
   39 00000018 E2811001        ADD              R1, R1, #1
   40 0000001C E5C21000        STRB             R1, [R2]
   41 00000020         
   42 00000020 E24DD00C        SUB              SP, SP, #4*3
   43 00000024         
   44 00000024 E321F09F        MSR              CPSR_c, #(NoInt | SYS32Mode)
   45 00000028 E3510001        CMP              R1, #1
   46 0000002C 059FD0C8        LDREQ            SP, =StackUsr
   47 00000030         
   48 00000030 EBFFFFFE        BL               IRQ_Exception
   49 00000034         
   50 00000034         ;       MSR     CPSR_c, #(NoInt | SYS32Mode)    



ARM Macro Assembler    Page 3 


   51 00000034 E59F20C4        LDR              R2, =OsEnterSum
   52 00000038 E3A01001        MOV              R1, #1
   53 0000003C E5821000        STR              R1, [R2]
   54 00000040         
   55 00000040 EBFFFFFE        BL               OSIntExit
   56 00000044         
   57 00000044 E59F20B4        LDR              R2, =OsEnterSum
   58 00000048 E3A01000        MOV              R1, #0
   59 0000004C E5821000        STR              R1, [R2]
   60 00000050         
   61 00000050 E321F092        MSR              CPSR_c, #(NoInt | IRQ32Mode)
   62 00000054 E8DD6008        LDMFD            SP, {R3, SP, LR}^
   63 00000058         
   64 00000058 E59F00A4        LDR              R0, =OSTCBHighRdy
   65 0000005C E5900000        LDR              R0, [R0]
   66 00000060 E59F10A0        LDR              R1, =OSTCBCur
   67 00000064 E5911000        LDR              R1, [R1]
   68 00000068 E1500001        CMP              R0, R1
   69 0000006C         
   70 0000006C E28DD00C        ADD              SP, SP, #4*3 ; 
   71 00000070 E16FF003        MSR              SPSR_cxsf, R3
   72 00000074 08FD900F        LDMEQFD          SP!, {R0-R3, R12, PC}^
   73 00000078 E59FF08C        LDR              PC, =OSIntCtxSw
   80 0000007C         
   81 0000007C         
   82 0000007C         
   83 0000007C         Timer0_Handler
                               HANDLER          Timer0_Exception
   27 0000007C         
   28 0000007C                 EXPORT           Timer0_Handler
   29 0000007C                 IMPORT           Timer0_Exception
   30 0000007C         
   31 0000007C         Timer0_Handler
   32 0000007C E24EE004        SUB              LR, LR, #4
   33 00000080 E92D500F        STMFD            SP!, {R0-R3, R12, LR}
   34 00000084 E14F3000        MRS              R3, SPSR
   35 00000088 E94D6008        STMFD            SP, {R3, SP, LR}^
   36 0000008C         
   37 0000008C E59F2064        LDR              R2,  =OSIntNesting 
                                                            ; OSIntNesting++
   38 00000090 E5D21000        LDRB             R1, [R2]
   39 00000094 E2811001        ADD              R1, R1, #1
   40 00000098 E5C21000        STRB             R1, [R2]
   41 0000009C         
   42 0000009C E24DD00C        SUB              SP, SP, #4*3
   43 000000A0         
   44 000000A0 E321F09F        MSR              CPSR_c, #(NoInt | SYS32Mode)
   45 000000A4 E3510001        CMP              R1, #1
   46 000000A8 059FD04C        LDREQ            SP, =StackUsr
   47 000000AC         
   48 000000AC EBFFFFFE        BL               Timer0_Exception
   49 000000B0         
   50 000000B0         ;       MSR     CPSR_c, #(NoInt | SYS32Mode)    
   51 000000B0 E59F2048        LDR              R2, =OsEnterSum
   52 000000B4 E3A01001        MOV              R1, #1
   53 000000B8 E5821000        STR              R1, [R2]
   54 000000BC         
   55 000000BC EBFFFFFE        BL               OSIntExit
   56 000000C0         



ARM Macro Assembler    Page 4 


   57 000000C0 E59F2038        LDR              R2, =OsEnterSum
   58 000000C4 E3A01000        MOV              R1, #0
   59 000000C8 E5821000        STR              R1, [R2]
   60 000000CC         
   61 000000CC E321F092        MSR              CPSR_c, #(NoInt | IRQ32Mode)
   62 000000D0 E8DD6008        LDMFD            SP, {R3, SP, LR}^
   63 000000D4         
   64 000000D4 E59F0028        LDR              R0, =OSTCBHighRdy
   65 000000D8 E5900000        LDR              R0, [R0]
   66 000000DC E59F1024        LDR              R1, =OSTCBCur
   67 000000E0 E5911000        LDR              R1, [R1]
   68 000000E4 E1500001        CMP              R0, R1
   69 000000E8         
   70 000000E8 E28DD00C        ADD              SP, SP, #4*3 ; 
   71 000000EC E16FF003        MSR              SPSR_cxsf, R3
   72 000000F0 08FD900F        LDMEQFD          SP!, {R0-R3, R12, PC}^
   73 000000F4 E59FF010        LDR              PC, =OSIntCtxSw
   84 000000F8         
   85 000000F8                 END
              00000000 
              00000000 
              00000000 
              00000000 
              00000000 
              00000000 
Command Line: --debug --xref --diag_suppress=9931 --apcs=interwork --depend=.\o
utput\irq.d -o.\output\irq.o -IC:\Keil_v5\ARM\RV31\INC -IC:\Keil_v5\ARM\CMSIS\I
nclude -IC:\Keil_v5\ARM\Inc\Philips --predefine="__EVAL SETA 1" --predefine="__
UVISION_VERSION SETA 517" --list=.\output\irq.lst APP\IRQ.s



ARM Macro Assembler    Page 1 Alphabetic symbol ordering
Relocatable symbols

IRQ 00000000

Symbol: IRQ
   Definitions
      At line 23 in file APP\IRQ.s
   Uses
      None
Comment: IRQ unused
IRQ_Handler 00000000

Symbol: IRQ_Handler
   Definitions
      At line 31 in macro HANDLER
      at line 79 in file APP\IRQ.s
   Uses
      At line 28 in macro HANDLER
      at line 79 in file APP\IRQ.s
Comment: IRQ_Handler used once
Timer0_Handler 0000007C

Symbol: Timer0_Handler
   Definitions
      At line 31 in macro HANDLER
      at line 83 in file APP\IRQ.s
   Uses
      At line 28 in macro HANDLER
      at line 83 in file APP\IRQ.s
Comment: Timer0_Handler used once
3 symbols



ARM Macro Assembler    Page 1 Alphabetic symbol ordering
Absolute symbols

FIQ32Mode 00000011

Symbol: FIQ32Mode
   Definitions
      At line 8 in file APP\IRQ.s
   Uses
      None
Comment: FIQ32Mode unused
IRQ32Mode 00000012

Symbol: IRQ32Mode
   Definitions
      At line 7 in file APP\IRQ.s
   Uses
      At line 61 in macro HANDLER
      at line 79 in file APP\IRQ.s
Comment: IRQ32Mode used once
NoInt 00000080

Symbol: NoInt
   Definitions
      At line 2 in file APP\IRQ.s
   Uses
      At line 44 in macro HANDLER
      at line 79 in file APP\IRQ.s
      At line 61 in macro HANDLER
      at line 79 in file APP\IRQ.s

SVC32Mode 00000013

Symbol: SVC32Mode
   Definitions
      At line 5 in file APP\IRQ.s
   Uses
      None
Comment: SVC32Mode unused
SYS32Mode 0000001F

Symbol: SYS32Mode
   Definitions
      At line 6 in file APP\IRQ.s
   Uses
      At line 44 in macro HANDLER
      at line 79 in file APP\IRQ.s
Comment: SYS32Mode used once
USR32Mode 00000010

Symbol: USR32Mode
   Definitions
      At line 4 in file APP\IRQ.s
   Uses
      None
Comment: USR32Mode unused
6 symbols



ARM Macro Assembler    Page 1 Alphabetic symbol ordering
External symbols

IRQ_Exception 00000000

Symbol: IRQ_Exception
   Definitions
      At line 29 in macro HANDLER
      at line 79 in file APP\IRQ.s
   Uses
      At line 48 in macro HANDLER
      at line 79 in file APP\IRQ.s
Comment: IRQ_Exception used once
OSIntCtxSw 00000000

Symbol: OSIntCtxSw
   Definitions
      At line 12 in file APP\IRQ.s
   Uses
      At line 73 in macro HANDLER
      at line 79 in file APP\IRQ.s
Comment: OSIntCtxSw used once
OSIntExit 00000000

Symbol: OSIntExit
   Definitions
      At line 13 in file APP\IRQ.s
   Uses
      At line 55 in macro HANDLER
      at line 79 in file APP\IRQ.s
Comment: OSIntExit used once
OSIntNesting 00000000

Symbol: OSIntNesting
   Definitions
      At line 16 in file APP\IRQ.s
   Uses
      At line 37 in macro HANDLER
      at line 79 in file APP\IRQ.s
Comment: OSIntNesting used once
OSTCBCur 00000000

Symbol: OSTCBCur
   Definitions
      At line 14 in file APP\IRQ.s
   Uses
      At line 66 in macro HANDLER
      at line 79 in file APP\IRQ.s
Comment: OSTCBCur used once
OSTCBHighRdy 00000000

Symbol: OSTCBHighRdy
   Definitions
      At line 15 in file APP\IRQ.s
   Uses
      At line 64 in macro HANDLER
      at line 79 in file APP\IRQ.s
Comment: OSTCBHighRdy used once
OsEnterSum 00000000

Symbol: OsEnterSum
   Definitions



ARM Macro Assembler    Page 2 Alphabetic symbol ordering
External symbols

      At line 18 in file APP\IRQ.s
   Uses
      At line 51 in macro HANDLER
      at line 79 in file APP\IRQ.s
      At line 57 in macro HANDLER
      at line 79 in file APP\IRQ.s

StackUsr 00000000

Symbol: StackUsr
   Definitions
      At line 17 in file APP\IRQ.s
   Uses
      At line 46 in macro HANDLER
      at line 79 in file APP\IRQ.s
Comment: StackUsr used once
Timer0_Exception 00000000

Symbol: Timer0_Exception
   Definitions
      At line 29 in macro HANDLER
      at line 83 in file APP\IRQ.s
   Uses
      At line 48 in macro HANDLER
      at line 83 in file APP\IRQ.s
Comment: Timer0_Exception used once
9 symbols
352 symbols in table
