


ARM Macro Assembler    Page 1 


    1 00000000         
    2 00000000 00000020 
                       SVC_STACK_LEGTH
                               EQU              32
    3 00000000         
    4 00000000 00000080 
                       NoInt   EQU              0x80
    5 00000000         
    6 00000000 00000010 
                       USR32Mode
                               EQU              0x10
    7 00000000 00000013 
                       SVC32Mode
                               EQU              0x13
    8 00000000 0000001F 
                       SYS32Mode
                               EQU              0x1f
    9 00000000 00000012 
                       IRQ32Mode
                               EQU              0x12
   10 00000000 00000011 
                       FIQ32Mode
                               EQU              0x11
   11 00000000         
   12 00000000         
   13 00000000 00000020 
                       T_bit   EQU              0x20
   14 00000000         
   15 00000000                 CODE32
   16 00000000                 PRESERVE8
   17 00000000                 AREA             |subr|, CODE, READONLY
   18 00000000         
   19 00000000                 IMPORT           OSTCBCur
   20 00000000                 IMPORT           OSTCBHighRdy
   21 00000000                 IMPORT           OSPrioCur
   22 00000000                 IMPORT           OSPrioHighRdy
   23 00000000                 IMPORT           OSTaskSwHook
   24 00000000                 IMPORT           OSRunning
   25 00000000         
   26 00000000                 IMPORT           OsEnterSum
   27 00000000                 IMPORT           SWI_Exception
   28 00000000         
   29 00000000                 EXPORT           __OSStartHighRdy
   30 00000000                 EXPORT           OSIntCtxSw
   31 00000000                 EXPORT           SoftwareInterrupt
   32 00000000         
   33 00000000         
   34 00000000         ;/*SoftwareInterrupt*/
   35 00000000         
   36 00000000         SoftwareInterrupt
   37 00000000 E59FD030        LDR              SP, StackSvc
   38 00000004 E92D500F        STMFD            SP!, {R0-R3, R12, LR}
   39 00000008 E1A0100D        MOV              R1, SP
   40 0000000C         
   41 0000000C E14F3000        MRS              R3, SPSR
   42 00000010 E3130020        TST              R3, #T_bit
   43 00000014 115E00B2        LDRNEH           R0, [LR,#-2]
   44 00000018 13C00CFF        BICNE            R0, R0, #0xff00
   45 0000001C 051E0004        LDREQ            R0, [LR,#-4]



ARM Macro Assembler    Page 2 


   46 00000020 03C004FF        BICEQ            R0, R0, #0xFF000000
   47 00000024         
   48 00000024 E3500001        CMP              R0, #1
   49 00000028 359FF0C0        LDRLO            PC, =OSIntCtxSw
   50 0000002C 059FF0C0        LDREQ            PC, =__OSStartHighRdy
   51 00000030         
   52 00000030 EBFFFFFE        BL               SWI_Exception
   53 00000034         
   54 00000034 E8FD900F        LDMFD            SP!, {R0-R3, R12, PC}^
   55 00000038         
   56 00000038 0000007C 
                       StackSvc
                               DCD              (SvcStackSpace + SVC_STACK_LEGT
H * 4 - 4)
   57 0000003C         
   58 0000003C         ;/* OSIntCtxSw */
   59 0000003C         OSIntCtxSw
   60 0000003C         
   61 0000003C E59D2014        LDR              R2, [SP, #20]
   62 00000040 E59DC010        LDR              R12, [SP, #16]
   63 00000044 E10F0000        MRS              R0, CPSR
   64 00000048         
   65 00000048 E321F09F        MSR              CPSR_c, #(NoInt | SYS32Mode)
   66 0000004C E1A0100E        MOV              R1, LR
   67 00000050 E92D0006        STMFD            SP!, {R1-R2}
   68 00000054 E92D1FF0        STMFD            SP!, {R4-R12}
   69 00000058         
   70 00000058 E121F000        MSR              CPSR_c, R0
   71 0000005C E8BD00F0        LDMFD            SP!, {R4-R7}
   72 00000060 E28DD008        ADD              SP, SP, #8
   73 00000064         
   74 00000064 E321F09F        MSR              CPSR_c, #(NoInt | SYS32Mode)
   75 00000068 E92D00F0        STMFD            SP!, {R4-R7}
   76 0000006C         
   77 0000006C E59F1084        LDR              R1, =OsEnterSum
   78 00000070 E5912000        LDR              R2, [R1]
   79 00000074 E92D000C        STMFD            SP!, {R2, R3}
   80 00000078         
   81 00000078         
   82 00000078 E59F107C        LDR              R1, =OSTCBCur
   83 0000007C E5911000        LDR              R1, [R1]
   84 00000080 E581D000        STR              SP, [R1]
   85 00000084         
   86 00000084 EBFFFFFE        BL               OSTaskSwHook
   87 00000088         
   88 00000088 E59F4070        LDR              R4, =OSPrioCur
   89 0000008C E59F5070        LDR              R5, =OSPrioHighRdy
   90 00000090 E5D56000        LDRB             R6, [R5]
   91 00000094 E5C46000        STRB             R6, [R4]
   92 00000098         
   93 00000098 E59F6068        LDR              R6, =OSTCBHighRdy
   94 0000009C E5966000        LDR              R6, [R6]
   95 000000A0 E59F4054        LDR              R4, =OSTCBCur
   96 000000A4 E5846000        STR              R6, [R4]
   97 000000A8         OSIntCtxSw_1
   98 000000A8         
   99 000000A8 E5964000        LDR              R4, [R6]
  100 000000AC E284D044        ADD              SP, R4, #68
  101 000000B0 E51DE008        LDR              LR, [SP, #-8]



ARM Macro Assembler    Page 3 


  102 000000B4 E321F093        MSR              CPSR_c, #(NoInt | SVC32Mode)
  103 000000B8 E1A0D004        MOV              SP, R4
  104 000000BC         
  105 000000BC E8BD0030        LDMFD            SP!, {R4, R5}
  106 000000C0         
  107 000000C0 E59F3030        LDR              R3, =OsEnterSum
  108 000000C4 E5834000        STR              R4, [R3]
  109 000000C8         
  110 000000C8 E16FF005        MSR              SPSR_cxsf, R5
  111 000000CC E8FDDFFF        LDMFD            SP!, {R0-R12, LR, PC }^
  112 000000D0         
  113 000000D0         ;/* OSStartHighRdy */
  114 000000D0         
  115 000000D0         __OSStartHighRdy
  116 000000D0 E321F09F        MSR              CPSR_c, #(NoInt | SYS32Mode)
  117 000000D4         
  118 000000D4 E59F4030        LDR              R4, =OSRunning
  119 000000D8 E3A05001        MOV              R5, #1
  120 000000DC E5C45000        STRB             R5, [R4]
  121 000000E0         
  122 000000E0 EBFFFFFE        BL               OSTaskSwHook
  123 000000E4         
  124 000000E4 E59F601C        LDR              R6, =OSTCBHighRdy
  125 000000E8 E5966000        LDR              R6, [R6]
  126 000000EC EAFFFFED        B                OSIntCtxSw_1
  127 000000F0         
  128 000000F0 00000000 
              00000000 
              00000000 
              00000000 
              00000000 
              00000000 
              00000000 
              00000000         AREA             SWIStacks, DATA, NOINIT,ALIGN=2
  129 00000000         SvcStackSpace
                               SPACE            SVC_STACK_LEGTH * 4
  130 00000080         
  131 00000080                 END
Command Line: --debug --xref --diag_suppress=9931 --apcs=interwork --depend=.\o
utput\os_cpu_a.d -o.\output\os_cpu_a.o -IC:\Keil_v5\ARM\RV31\INC -IC:\Keil_v5\A
RM\CMSIS\Include -IC:\Keil_v5\ARM\Inc\Philips --predefine="__EVAL SETA 1" --pre
define="__UVISION_VERSION SETA 517" --list=.\output\os_cpu_a.lst ARM\Os_cpu_a.s



ARM Macro Assembler    Page 1 Alphabetic symbol ordering
Relocatable symbols

OSIntCtxSw 0000003C

Symbol: OSIntCtxSw
   Definitions
      At line 59 in file ARM\Os_cpu_a.s
   Uses
      At line 30 in file ARM\Os_cpu_a.s
      At line 49 in file ARM\Os_cpu_a.s

OSIntCtxSw_1 000000A8

Symbol: OSIntCtxSw_1
   Definitions
      At line 97 in file ARM\Os_cpu_a.s
   Uses
      At line 126 in file ARM\Os_cpu_a.s
Comment: OSIntCtxSw_1 used once
SoftwareInterrupt 00000000

Symbol: SoftwareInterrupt
   Definitions
      At line 36 in file ARM\Os_cpu_a.s
   Uses
      At line 31 in file ARM\Os_cpu_a.s
Comment: SoftwareInterrupt used once
StackSvc 00000038

Symbol: StackSvc
   Definitions
      At line 56 in file ARM\Os_cpu_a.s
   Uses
      At line 37 in file ARM\Os_cpu_a.s
Comment: StackSvc used once
__OSStartHighRdy 000000D0

Symbol: __OSStartHighRdy
   Definitions
      At line 115 in file ARM\Os_cpu_a.s
   Uses
      At line 29 in file ARM\Os_cpu_a.s
      At line 50 in file ARM\Os_cpu_a.s

subr 00000000

Symbol: subr
   Definitions
      At line 17 in file ARM\Os_cpu_a.s
   Uses
      None
Comment: subr unused
6 symbols



ARM Macro Assembler    Page 1 Alphabetic symbol ordering
Relocatable symbols

SWIStacks 00000000

Symbol: SWIStacks
   Definitions
      At line 128 in file ARM\Os_cpu_a.s
   Uses
      None
Comment: SWIStacks unused
SvcStackSpace 00000000

Symbol: SvcStackSpace
   Definitions
      At line 129 in file ARM\Os_cpu_a.s
   Uses
      At line 56 in file ARM\Os_cpu_a.s
Comment: SvcStackSpace used once
2 symbols



ARM Macro Assembler    Page 1 Alphabetic symbol ordering
Absolute symbols

FIQ32Mode 00000011

Symbol: FIQ32Mode
   Definitions
      At line 10 in file ARM\Os_cpu_a.s
   Uses
      None
Comment: FIQ32Mode unused
IRQ32Mode 00000012

Symbol: IRQ32Mode
   Definitions
      At line 9 in file ARM\Os_cpu_a.s
   Uses
      None
Comment: IRQ32Mode unused
NoInt 00000080

Symbol: NoInt
   Definitions
      At line 4 in file ARM\Os_cpu_a.s
   Uses
      At line 65 in file ARM\Os_cpu_a.s
      At line 74 in file ARM\Os_cpu_a.s
      At line 102 in file ARM\Os_cpu_a.s
      At line 116 in file ARM\Os_cpu_a.s

SVC32Mode 00000013

Symbol: SVC32Mode
   Definitions
      At line 7 in file ARM\Os_cpu_a.s
   Uses
      At line 102 in file ARM\Os_cpu_a.s
Comment: SVC32Mode used once
SVC_STACK_LEGTH 00000020

Symbol: SVC_STACK_LEGTH
   Definitions
      At line 2 in file ARM\Os_cpu_a.s
   Uses
      At line 56 in file ARM\Os_cpu_a.s
      At line 129 in file ARM\Os_cpu_a.s

SYS32Mode 0000001F

Symbol: SYS32Mode
   Definitions
      At line 8 in file ARM\Os_cpu_a.s
   Uses
      At line 65 in file ARM\Os_cpu_a.s
      At line 74 in file ARM\Os_cpu_a.s
      At line 116 in file ARM\Os_cpu_a.s

T_bit 00000020

Symbol: T_bit
   Definitions
      At line 13 in file ARM\Os_cpu_a.s



ARM Macro Assembler    Page 2 Alphabetic symbol ordering
Absolute symbols

   Uses
      At line 42 in file ARM\Os_cpu_a.s
Comment: T_bit used once
USR32Mode 00000010

Symbol: USR32Mode
   Definitions
      At line 6 in file ARM\Os_cpu_a.s
   Uses
      None
Comment: USR32Mode unused
8 symbols



ARM Macro Assembler    Page 1 Alphabetic symbol ordering
External symbols

OSPrioCur 00000000

Symbol: OSPrioCur
   Definitions
      At line 21 in file ARM\Os_cpu_a.s
   Uses
      At line 88 in file ARM\Os_cpu_a.s
Comment: OSPrioCur used once
OSPrioHighRdy 00000000

Symbol: OSPrioHighRdy
   Definitions
      At line 22 in file ARM\Os_cpu_a.s
   Uses
      At line 89 in file ARM\Os_cpu_a.s
Comment: OSPrioHighRdy used once
OSRunning 00000000

Symbol: OSRunning
   Definitions
      At line 24 in file ARM\Os_cpu_a.s
   Uses
      At line 118 in file ARM\Os_cpu_a.s
Comment: OSRunning used once
OSTCBCur 00000000

Symbol: OSTCBCur
   Definitions
      At line 19 in file ARM\Os_cpu_a.s
   Uses
      At line 82 in file ARM\Os_cpu_a.s
      At line 95 in file ARM\Os_cpu_a.s

OSTCBHighRdy 00000000

Symbol: OSTCBHighRdy
   Definitions
      At line 20 in file ARM\Os_cpu_a.s
   Uses
      At line 93 in file ARM\Os_cpu_a.s
      At line 124 in file ARM\Os_cpu_a.s

OSTaskSwHook 00000000

Symbol: OSTaskSwHook
   Definitions
      At line 23 in file ARM\Os_cpu_a.s
   Uses
      At line 86 in file ARM\Os_cpu_a.s
      At line 122 in file ARM\Os_cpu_a.s

OsEnterSum 00000000

Symbol: OsEnterSum
   Definitions
      At line 26 in file ARM\Os_cpu_a.s
   Uses
      At line 77 in file ARM\Os_cpu_a.s
      At line 107 in file ARM\Os_cpu_a.s



ARM Macro Assembler    Page 2 Alphabetic symbol ordering
External symbols


SWI_Exception 00000000

Symbol: SWI_Exception
   Definitions
      At line 27 in file ARM\Os_cpu_a.s
   Uses
      At line 52 in file ARM\Os_cpu_a.s
Comment: SWI_Exception used once
8 symbols
358 symbols in table
