


ARM Macro Assembler    Page 1 


    1 00000000         
    2 00000000 00000000 
                       FIQ_STACK_LEGTH
                               EQU              0
    3 00000000 00000048 
                       IRQ_STACK_LEGTH
                               EQU              9*8
    4 00000000 00000000 
                       ABT_STACK_LEGTH
                               EQU              0
    5 00000000 00000000 
                       UND_STACK_LEGTH
                               EQU              0
    6 00000000         
    7 00000000 00000080 
                       NoInt   EQU              0x80
    8 00000000         
    9 00000000 00000010 
                       USR32Mode
                               EQU              0x10
   10 00000000 00000013 
                       SVC32Mode
                               EQU              0x13
   11 00000000 0000001F 
                       SYS32Mode
                               EQU              0x1f
   12 00000000 00000012 
                       IRQ32Mode
                               EQU              0x12
   13 00000000 00000011 
                       FIQ32Mode
                               EQU              0x11
   14 00000000         
   15 00000000 E002C014 
                       PINSEL2 EQU              0xE002C014
   16 00000000         
   17 00000000         
   18 00000000         
   19 00000000                 IMPORT           FIQ_Exception
   20 00000000                 IMPORT           __main
   21 00000000                 IMPORT           TargetResetInit
   22 00000000         
   23 00000000                 IMPORT           SoftwareInterrupt
   24 00000000         
   25 00000000         
   26 00000000                 EXPORT           Reset
   27 00000000                 EXPORT           __rt_div0
   28 00000000                 EXPORT           __user_initial_stackheap
   29 00000000                 EXPORT           bottom_of_heap
   30 00000000                 EXPORT           StackUsr
   31 00000000         
   32 00000000                 CODE32
   33 00000000         
   34 00000000                 PRESERVE8
   35 00000000         
   36 00000000                 AREA             vectors,CODE,READONLY
   37 00000000         
   38 00000000                 ARM
   39 00000000         



ARM Macro Assembler    Page 2 


   40 00000000         Reset
   41 00000000 E59FF018        LDR              PC, ResetAddr
   42 00000004 E59FF018        LDR              PC, UndefinedAddr
   43 00000008 E59FF018        LDR              PC, SWI_Addr
   44 0000000C E59FF018        LDR              PC, PrefetchAddr
   45 00000010 E59FF018        LDR              PC, DataAbortAddr
   46 00000014 B9205F80        DCD              0xb9205f80
   47 00000018 E51FFFF0        LDR              PC, [PC, #-0xff0]
   48 0000001C E59FF018        LDR              PC, FIQ_Addr
   49 00000020         
   50 00000020 00000000 
                       ResetAddr
                               DCD              ResetInit
   51 00000024 00000000 
                       UndefinedAddr
                               DCD              Undefined
   52 00000028 00000000 
                       SWI_Addr
                               DCD              SoftwareInterrupt
   53 0000002C 00000000 
                       PrefetchAddr
                               DCD              PrefetchAbort
   54 00000030 00000000 
                       DataAbortAddr
                               DCD              DataAbort
   55 00000034 00000000 
                       Nouse   DCD              0
   56 00000038 00000000 
                       IRQ_Addr
                               DCD              0
   57 0000003C 00000000 
                       FIQ_Addr
                               DCD              FIQ_Handler
   58 00000040         
   59 00000040         
   60 00000040         Undefined
   61 00000040 EAFFFFFE        B                Undefined
   62 00000044         
   63 00000044         
   64 00000044         PrefetchAbort
   65 00000044 EAFFFFFE        B                PrefetchAbort
   66 00000048         
   67 00000048         
   68 00000048         DataAbort
   69 00000048 EAFFFFFE        B                DataAbort
   70 0000004C         
   71 0000004C         
   72 0000004C         FIQ_Handler
   73 0000004C E92D400F        STMFD            SP!, {R0-R3, LR}
   74 00000050 EBFFFFFE        BL               FIQ_Exception
   75 00000054 E8BD400F        LDMFD            SP!, {R0-R3, LR}
   76 00000058 E25EF004        SUBS             PC,  LR,  #4
   77 0000005C         
   78 0000005C         
   79 0000005C         
   80 0000005C                 IF               :DEF: EN_CRP
   90                          ENDIF
   91 0000005C         
   92 0000005C         



ARM Macro Assembler    Page 3 


   93 0000005C         
   94 0000005C         InitStack
   95 0000005C E1A0000E        MOV              R0, LR
   96 00000060         
   97 00000060         
   98 00000060 E321F0D2        MSR              CPSR_c, #0xd2
   99 00000064 E59FD03C        LDR              SP, StackIrq
  100 00000068         
  101 00000068 E321F0D1        MSR              CPSR_c, #0xd1
  102 0000006C E59FD038        LDR              SP, StackFiq
  103 00000070         
  104 00000070 E321F0D7        MSR              CPSR_c, #0xd7
  105 00000074 E59FD034        LDR              SP, StackAbt
  106 00000078         
  107 00000078 E321F0DB        MSR              CPSR_c, #0xdb
  108 0000007C E59FD030        LDR              SP, StackUnd
  109 00000080         
  110 00000080 E321F0DF        MSR              CPSR_c, #0xdf
  111 00000084 E59FD02C        LDR              SP, =StackUsr
  112 00000088         
  113 00000088 E1A0E000        MOV              LR, R0
  114 0000008C E1A0F00E        MOV              PC, LR
  115 00000090         
  116 00000090         
  117 00000090         ResetInit
  118 00000090 EBFFFFF1        BL               InitStack
  119 00000094 EBFFFFFE        BL               TargetResetInit
  120 00000098         
  121 00000098 EAFFFFFE        B                __main
  122 0000009C         
  123 0000009C         
  124 0000009C         
  125 0000009C         __user_initial_stackheap
  126 0000009C E59F0018        LDR              R0,=bottom_of_heap
  127 000000A0 E1A0F00E        MOV              PC,LR
  128 000000A4         
  129 000000A4         
  130 000000A4         
  131 000000A4         __rt_div0
  132 000000A4         
  133 000000A4 EAFFFFFE        B                __rt_div0
  134 000000A8         
  135 000000A8 0000011C 
                       StackIrq
                               DCD              IrqStackSpace + (IRQ_STACK_LEGT
H - 1)* 4
  136 000000AC FFFFFFFC 
                       StackFiq
                               DCD              FiqStackSpace + (FIQ_STACK_LEGT
H - 1)* 4
  137 000000B0 FFFFFFFC 
                       StackAbt
                               DCD              AbtStackSpace + (ABT_STACK_LEGT
H - 1)* 4
  138 000000B4 FFFFFFFC 
                       StackUnd
                               DCD              UndtStackSpace + (UND_STACK_LEG
TH - 1)* 4
  139 000000B8         



ARM Macro Assembler    Page 4 


  140 000000B8         
  141 000000B8 00000000 
              00000000         AREA             MyStacks, DATA, NOINIT, ALIGN=2
  142 00000000         IrqStackSpace
                               SPACE            IRQ_STACK_LEGTH * 4
  143 00000120         FiqStackSpace
                               SPACE            FIQ_STACK_LEGTH * 4
  144 00000120         AbtStackSpace
                               SPACE            ABT_STACK_LEGTH * 4
  145 00000120         UndtStackSpace
                               SPACE            UND_STACK_LEGTH * 4
  146 00000120         
  147 00000120         
  148 00000120         
  149 00000120         
  150 00000120                 AREA             Heap, DATA, NOINIT
  151 00000000         bottom_of_heap
                               SPACE            1
  152 00000001         
  153 00000001                 AREA             Stacks, DATA, NOINIT
  154 00000000         StackUsr
                               SPACE            1
  155 00000001         
  156 00000001                 END
Command Line: --debug --xref --diag_suppress=9931 --apcs=interwork --depend=.\o
utput\startup.d -o.\output\startup.o -IC:\Keil_v5\ARM\RV31\INC -IC:\Keil_v5\ARM
\CMSIS\Include -IC:\Keil_v5\ARM\Inc\Philips --predefine="__EVAL SETA 1" --prede
fine="__UVISION_VERSION SETA 517" --list=.\output\startup.lst APP\Startup.s



ARM Macro Assembler    Page 1 Alphabetic symbol ordering
Relocatable symbols

DataAbort 00000048

Symbol: DataAbort
   Definitions
      At line 68 in file APP\Startup.s
   Uses
      At line 54 in file APP\Startup.s
      At line 69 in file APP\Startup.s

DataAbortAddr 00000030

Symbol: DataAbortAddr
   Definitions
      At line 54 in file APP\Startup.s
   Uses
      At line 45 in file APP\Startup.s
Comment: DataAbortAddr used once
FIQ_Addr 0000003C

Symbol: FIQ_Addr
   Definitions
      At line 57 in file APP\Startup.s
   Uses
      At line 48 in file APP\Startup.s
Comment: FIQ_Addr used once
FIQ_Handler 0000004C

Symbol: FIQ_Handler
   Definitions
      At line 72 in file APP\Startup.s
   Uses
      At line 57 in file APP\Startup.s
Comment: FIQ_Handler used once
IRQ_Addr 00000038

Symbol: IRQ_Addr
   Definitions
      At line 56 in file APP\Startup.s
   Uses
      None
Comment: IRQ_Addr unused
InitStack 0000005C

Symbol: InitStack
   Definitions
      At line 94 in file APP\Startup.s
   Uses
      At line 118 in file APP\Startup.s
Comment: InitStack used once
Nouse 00000034

Symbol: Nouse
   Definitions
      At line 55 in file APP\Startup.s
   Uses
      None
Comment: Nouse unused
PrefetchAbort 00000044




ARM Macro Assembler    Page 2 Alphabetic symbol ordering
Relocatable symbols

Symbol: PrefetchAbort
   Definitions
      At line 64 in file APP\Startup.s
   Uses
      At line 53 in file APP\Startup.s
      At line 65 in file APP\Startup.s

PrefetchAddr 0000002C

Symbol: PrefetchAddr
   Definitions
      At line 53 in file APP\Startup.s
   Uses
      At line 44 in file APP\Startup.s
Comment: PrefetchAddr used once
Reset 00000000

Symbol: Reset
   Definitions
      At line 40 in file APP\Startup.s
   Uses
      At line 26 in file APP\Startup.s
Comment: Reset used once
ResetAddr 00000020

Symbol: ResetAddr
   Definitions
      At line 50 in file APP\Startup.s
   Uses
      At line 41 in file APP\Startup.s
Comment: ResetAddr used once
ResetInit 00000090

Symbol: ResetInit
   Definitions
      At line 117 in file APP\Startup.s
   Uses
      At line 50 in file APP\Startup.s
Comment: ResetInit used once
SWI_Addr 00000028

Symbol: SWI_Addr
   Definitions
      At line 52 in file APP\Startup.s
   Uses
      At line 43 in file APP\Startup.s
Comment: SWI_Addr used once
StackAbt 000000B0

Symbol: StackAbt
   Definitions
      At line 137 in file APP\Startup.s
   Uses
      At line 105 in file APP\Startup.s
Comment: StackAbt used once
StackFiq 000000AC

Symbol: StackFiq
   Definitions



ARM Macro Assembler    Page 3 Alphabetic symbol ordering
Relocatable symbols

      At line 136 in file APP\Startup.s
   Uses
      At line 102 in file APP\Startup.s
Comment: StackFiq used once
StackIrq 000000A8

Symbol: StackIrq
   Definitions
      At line 135 in file APP\Startup.s
   Uses
      At line 99 in file APP\Startup.s
Comment: StackIrq used once
StackUnd 000000B4

Symbol: StackUnd
   Definitions
      At line 138 in file APP\Startup.s
   Uses
      At line 108 in file APP\Startup.s
Comment: StackUnd used once
Undefined 00000040

Symbol: Undefined
   Definitions
      At line 60 in file APP\Startup.s
   Uses
      At line 51 in file APP\Startup.s
      At line 61 in file APP\Startup.s

UndefinedAddr 00000024

Symbol: UndefinedAddr
   Definitions
      At line 51 in file APP\Startup.s
   Uses
      At line 42 in file APP\Startup.s
Comment: UndefinedAddr used once
__rt_div0 000000A4

Symbol: __rt_div0
   Definitions
      At line 131 in file APP\Startup.s
   Uses
      At line 27 in file APP\Startup.s
      At line 133 in file APP\Startup.s

__user_initial_stackheap 0000009C

Symbol: __user_initial_stackheap
   Definitions
      At line 125 in file APP\Startup.s
   Uses
      At line 28 in file APP\Startup.s
Comment: __user_initial_stackheap used once
vectors 00000000

Symbol: vectors
   Definitions
      At line 36 in file APP\Startup.s



ARM Macro Assembler    Page 4 Alphabetic symbol ordering
Relocatable symbols

   Uses
      None
Comment: vectors unused
22 symbols



ARM Macro Assembler    Page 1 Alphabetic symbol ordering
Relocatable symbols

AbtStackSpace 00000120

Symbol: AbtStackSpace
   Definitions
      At line 144 in file APP\Startup.s
   Uses
      At line 137 in file APP\Startup.s
Comment: AbtStackSpace used once
FiqStackSpace 00000120

Symbol: FiqStackSpace
   Definitions
      At line 143 in file APP\Startup.s
   Uses
      At line 136 in file APP\Startup.s
Comment: FiqStackSpace used once
IrqStackSpace 00000000

Symbol: IrqStackSpace
   Definitions
      At line 142 in file APP\Startup.s
   Uses
      At line 135 in file APP\Startup.s
Comment: IrqStackSpace used once
MyStacks 00000000

Symbol: MyStacks
   Definitions
      At line 141 in file APP\Startup.s
   Uses
      None
Comment: MyStacks unused
UndtStackSpace 00000120

Symbol: UndtStackSpace
   Definitions
      At line 145 in file APP\Startup.s
   Uses
      At line 138 in file APP\Startup.s
Comment: UndtStackSpace used once
5 symbols



ARM Macro Assembler    Page 1 Alphabetic symbol ordering
Relocatable symbols

Heap 00000000

Symbol: Heap
   Definitions
      At line 150 in file APP\Startup.s
   Uses
      None
Comment: Heap unused
bottom_of_heap 00000000

Symbol: bottom_of_heap
   Definitions
      At line 151 in file APP\Startup.s
   Uses
      At line 29 in file APP\Startup.s
      At line 126 in file APP\Startup.s

2 symbols



ARM Macro Assembler    Page 1 Alphabetic symbol ordering
Relocatable symbols

StackUsr 00000000

Symbol: StackUsr
   Definitions
      At line 154 in file APP\Startup.s
   Uses
      At line 30 in file APP\Startup.s
      At line 111 in file APP\Startup.s

Stacks 00000000

Symbol: Stacks
   Definitions
      At line 153 in file APP\Startup.s
   Uses
      None
Comment: Stacks unused
2 symbols



ARM Macro Assembler    Page 1 Alphabetic symbol ordering
Absolute symbols

ABT_STACK_LEGTH 00000000

Symbol: ABT_STACK_LEGTH
   Definitions
      At line 4 in file APP\Startup.s
   Uses
      At line 137 in file APP\Startup.s
      At line 144 in file APP\Startup.s

FIQ32Mode 00000011

Symbol: FIQ32Mode
   Definitions
      At line 13 in file APP\Startup.s
   Uses
      None
Comment: FIQ32Mode unused
FIQ_STACK_LEGTH 00000000

Symbol: FIQ_STACK_LEGTH
   Definitions
      At line 2 in file APP\Startup.s
   Uses
      At line 136 in file APP\Startup.s
      At line 143 in file APP\Startup.s

IRQ32Mode 00000012

Symbol: IRQ32Mode
   Definitions
      At line 12 in file APP\Startup.s
   Uses
      None
Comment: IRQ32Mode unused
IRQ_STACK_LEGTH 00000048

Symbol: IRQ_STACK_LEGTH
   Definitions
      At line 3 in file APP\Startup.s
   Uses
      At line 135 in file APP\Startup.s
      At line 142 in file APP\Startup.s

NoInt 00000080

Symbol: NoInt
   Definitions
      At line 7 in file APP\Startup.s
   Uses
      None
Comment: NoInt unused
PINSEL2 E002C014

Symbol: PINSEL2
   Definitions
      At line 15 in file APP\Startup.s
   Uses
      None
Comment: PINSEL2 unused



ARM Macro Assembler    Page 2 Alphabetic symbol ordering
Absolute symbols

SVC32Mode 00000013

Symbol: SVC32Mode
   Definitions
      At line 10 in file APP\Startup.s
   Uses
      None
Comment: SVC32Mode unused
SYS32Mode 0000001F

Symbol: SYS32Mode
   Definitions
      At line 11 in file APP\Startup.s
   Uses
      None
Comment: SYS32Mode unused
UND_STACK_LEGTH 00000000

Symbol: UND_STACK_LEGTH
   Definitions
      At line 5 in file APP\Startup.s
   Uses
      At line 138 in file APP\Startup.s
      At line 145 in file APP\Startup.s

USR32Mode 00000010

Symbol: USR32Mode
   Definitions
      At line 9 in file APP\Startup.s
   Uses
      None
Comment: USR32Mode unused
11 symbols



ARM Macro Assembler    Page 1 Alphabetic symbol ordering
External symbols

FIQ_Exception 00000000

Symbol: FIQ_Exception
   Definitions
      At line 19 in file APP\Startup.s
   Uses
      At line 74 in file APP\Startup.s
Comment: FIQ_Exception used once
SoftwareInterrupt 00000000

Symbol: SoftwareInterrupt
   Definitions
      At line 23 in file APP\Startup.s
   Uses
      At line 52 in file APP\Startup.s
Comment: SoftwareInterrupt used once
TargetResetInit 00000000

Symbol: TargetResetInit
   Definitions
      At line 21 in file APP\Startup.s
   Uses
      At line 119 in file APP\Startup.s
Comment: TargetResetInit used once
__main 00000000

Symbol: __main
   Definitions
      At line 20 in file APP\Startup.s
   Uses
      At line 121 in file APP\Startup.s
Comment: __main used once
4 symbols
382 symbols in table
